### Begin core_analysis log file
Automatically generated by core_analysis.Linux
: core_analysis.Linux,v 1.20 2005/07/20 09:41:32 daniel Exp $

Please include this entire file if submitting a bug report to Quadrics

Report generated by: mccsshz@horace5
Arch:                ia64
Date:                Sat Jan 16 06:03:49 GMT 2010
Command line:        /usr/lib/rms/etc/core_analysis.Linux ./test 7396 11 347069
Executable name:     test
pwd:                 /home/horace/mccsshz/scratch/6
Core name:           core.7396
RMS resource id:     parallel.347069
Process:             0 out of 32
Hostname:            horace5
Pid:                 7396
Program killed by:   signal 11 (SEGV)

# -------------------------------
# Program executable information
# -------------------------------
Executable information:
   text	   data	    bss	    dec	    hex	filename
 284737	   5712	1365440968	1365731417	51676859	./test

  File: `./test'
  Size: 299583    	Blocks: 648        IO Block: 4194304 regular file
Device: 14h/20d	Inode: 10485857    Links: 1
Access: (0755/-rwxr-xr-x)  Uid: (40182/ mccsshz)   Gid: ( 1858/  mcc103)
Access: 2010-01-16 06:03:49.000000000 +0000
Modify: 2010-01-15 19:46:59.000000000 +0000
Change: 2010-01-15 19:46:59.000000000 +0000
Linker information (ldd):
	linux-gate.so.1 =>  (0xa000000000000000)
	libmpidev.so => /home/horace/mccsshz/.mpibull2/lib/libmpidev.so (0x2000000000050000)
	libmpi.so => /home/horace/mccsshz/.mpibull2/lib/libmpi.so (0x2000000000160000)
	librt.so.1 => /lib/tls/librt.so.1 (0x2000000000350000)
	libdl.so.2 => /lib/libdl.so.2 (0x2000000000390000)
	libelan.so.1 => /usr/lib/libelan.so.1 (0x20000000003b0000)
	libelan4.so.1 => /usr/lib/libelan4.so.1 (0x2000000000490000)
	librmscall.so.1 => /usr/lib/librmscall.so.1 (0x20000000004f0000)
	libelanctrl.so.2 => /usr/lib/libelanctrl.so.2 (0x2000000000510000)
	libmdm.so => /usr/lib/libmdm.so (0x2000000000530000)
	libcpuset.so.1.1 => /usr/lib/libcpuset.so.1.1 (0x2000000000550000)
	libimf.so.6 => /opt/intel/compilo_9/l_cc_c_9.1.042/lib/libimf.so.6 (0x2000000000580000)
	libm.so.6.1 => /lib/tls/libm.so.6.1 (0x2000000000830000)
	libipr.so.6 => /opt/intel/compilo_9/l_cc_c_9.1.042/lib/libipr.so.6 (0x20000000008d0000)
	libgcc_s.so.1 => /lib/libgcc_s.so.1 (0x20000000008f0000)
	libc.so.6.1 => /lib/tls/libc.so.6.1 (0x2000000000930000)
	libpthread.so.0 => /lib/tls/libpthread.so.0 (0x2000000000ba0000)
	/lib/ld-linux-ia64.so.2 (0x2000000000000000)

Environment variables:
MPI_HOME=/opt/mpi/mpibull2-0.9.7-2.t_RC4v4.3

# -------------------------------
# Program stack trace (gdb)
# -------------------------------
(no debugging symbols found)
Using host libthread_db library "/lib/tls/libthread_db.so.1".
(no debugging symbols found)
Core was generated by `./test'.
Program terminated with signal 11, Segmentation fault.

warning: svr4_current_sos: Can't read pathname for load map: Input/output error

#0  0x20000000009bf5c0 in _IO_vfscanf_internal () from /lib/tls/libc.so.6.1
---
From                To                  Syms Read   Shared Object Library
0x2000000000077480  0x20000000001158e0  Yes         /home/horace/mccsshz/.mpibull2/lib/libmpidev.so
0x2000000000196d40  0x20000000002c3380  Yes         /home/horace/mccsshz/.mpibull2/lib/libmpi.so
0x2000000000353fa0  0x2000000000360440  Yes         /lib/tls/librt.so.1
0x2000000000391760  0x2000000000393620  Yes         /lib/libdl.so.2
0x20000000003ca7a0  0x20000000004425d0  Yes         /usr/lib/libelan.so.1
0x200000000049bea0  0x20000000004d1050  Yes         /usr/lib/libelan4.so.1
0x20000000004f1660  0x20000000004f4780  Yes         /usr/lib/librmscall.so.1
0x2000000000513200  0x200000000051a6c0  Yes         /usr/lib/libelanctrl.so.2
0x2000000000531220  0x2000000000532a00  Yes         /usr/lib/libmdm.so
0x2000000000554780  0x2000000000563cc0  Yes         /usr/lib/libcpuset.so.1.1
0x200000000059a080  0x200000000076d630  Yes         /opt/intel/compilo_9/l_cc_c_9.1.042/lib/libimf.so.6
0x20000000008399c0  0x200000000089bb80  Yes         /lib/tls/libm.so.6.1
0x20000000008d0c80  0x20000000008d1840  Yes         /opt/intel/compilo_9/l_cc_c_9.1.042/lib/libipr.so.6
0x20000000008f2780  0x2000000000902cc0  Yes         /lib/libgcc_s.so.1
0x2000000000958f80  0x2000000000b420b0  Yes         /lib/tls/libc.so.6.1
0x2000000000ba6b20  0x2000000000bbc1c0  Yes         /lib/tls/libpthread.so.0
0x2000000000002c80  0x2000000000028d80  Yes         /lib/ld-linux-ia64.so.2
---
#0  0x20000000009bf5c0 in _IO_vfscanf_internal () from /lib/tls/libc.so.6.1
No symbol table info available.
#1  0x20000000009c7d00 in vfscanf () from /lib/tls/libc.so.6.1
No symbol table info available.
#2  0x20000000009cf190 in fscanf () from /lib/tls/libc.so.6.1
No symbol table info available.
#3  0x4000000000008780 in main??unw ()
No symbol table info available.

# -------------------------------
# Elan trap information
# -------------------------------
Date: Sat Jan 16 06:03:50 GMT 2010
### End core_analysis log file
